Artifex Ghostscript 8.60 (2007-08-01)
Copyright (C) 2007 Artifex Software, Inc.  All rights reserved.
This software comes with NO WARRANTY: see the file PUBLIC for details.
peelstring status: true: '% Copyright'
peelstring status: true: '%!PS-Adobe-'
Loading NimbusMonL-Regu font from %rom%lib/n022003l.pfb... 2495600 1175806 1871424 579354 1 done.
%%[ ProductName: Artifex Ghostscript ]%%
%%[Page: 1]%%
%%[Page: 2]%%
%%[Page: 3]%%
%%[Page: 4]%%
%%[Page: 5]%%
%%[Page: 6]%%
%%[Page: 7]%%
%%[Page: 8]%%
%%[Page: 9]%%
%%[Page: 10]%%
%%[Page: 11]%%
%%[Page: 12]%%
%%[Page: 13]%%
%%[Page: 14]%%
%%[Page: 15]%%
%%[Page: 16]%%
%%[Page: 17]%%
%%[Page: 18]%%
%%[Page: 19]%%
%%[Page: 20]%%
%%[Page: 21]%%
%%[Page: 22]%%
%%[Page: 23]%%
%%[Page: 24]%%
%%[LastPage]%%
 ps2pdf -sDEVICE=pdfwrite -dNOPAUSE -dNOSAFER -dAutoRotatePages=/PageByPage -dPDFSETTINGS=/ebook
 -dCompatibilityLevel=1.3 -sstdout=C:\Documents and Settings\fernandoz\Local Settings\Temp\0nfr50yv -sOutputFile=C:\Documents and Settings\fernandoz\Local Settings\Temp\0nfr50yv.mpg
